fish: Unknown command: /teaOS/utils/termup/termup
~/.config/fish/config.fish (line 13): 
/teaOS/utils/termup/termup
^
from sourcing file ~/.config/fish/config.fish
	called during startup
sys-info.c: In function 'get_terminal':
sys-info.c:361:9: warning: 'strncpy' specified bound 150 equals destination size [-Wstringop-truncation]
  361 |         strncpy(terminal, getenv("TERM"), BUF_SIZE); /* fallback to old method */
      |         ^~~~~~~~~~~~~~~~~~~~~~~~~~~~~~~~~~~~~~~~~~~
sys-info.c:364:13: warning: 'strncpy' specified bound 150 equals destination size [-Wstringop-truncation]
  364 |             strncpy(terminal, ttyname(STDIN_FILENO), BUF_SIZE);
      |             ^~~~~~~~~~~~~~~~~~~~~~~~~~~~~~~~~~~~~~~~~~~~~~~~~~
sys-info.c: In function 'get_resolution':
sys-info.c:313:25: warning: 'strncpy' specified bound 150 equals destination size [-Wstringop-truncation]
  313 |                         strncpy(resolution, line, BUF_SIZE);
      |                         ^~~~~~~~~~~~~~~~~~~~~~~~~~~~~~~~~~~
sys-info.c: In function 'get_shell':
sys-info.c:272:9: warning: 'strncpy' specified bound 150 equals destination size [-Wstringop-truncation]
  272 |         strncpy(shell, shell_name + 1, BUF_SIZE); /* o/w copy past the last '/' */
      |         ^~~~~~~~~~~~~~~~~~~~~~~~~~~~~~~~~~~~~~~~
sys-info.c:270:9: warning: 'strncpy' specified bound 150 equals destination size [-Wstringop-truncation]
  270 |         strncpy(shell, shell_path, BUF_SIZE); /* copy the whole thing over */
      |         ^~~~~~~~~~~~~~~~~~~~~~~~~~~~~~~~~~~~
In function 'find_gpu',
    inlined from 'get_gpu1' at sys-info.c:506:12:
sys-info.c:475:13: warning: 'strncpy' specified bound 150 equals destination size [-Wstringop-truncation]
  475 |             strncpy(gpu, pci_lookup_name(pacc, buffer, sizeof(buffer), PCI_LOOKUP_DEVICE | PCI_LOOKUP_VENDOR, dev->vendor_id, dev->device_id), BUF_SIZE);
      |             ^~~~~~~~~~~~~~~~~~~~~~~~~~~~~~~~~~~~~~~~~~~~~~~~~~~~~~~~~~~~~~~~~~~~~~~~~~~~~~~~~~~~~~~~~~~~~~~~~~~~~~~~~~~~~~~~~~~~~~~~~~~~~~~~~~~~~~~~~~~~
